<?xml version="1.0" encoding="UTF-8"?>
<!-- Generated by org.testng.reporters.JUnitReportReporter -->
<testsuite skipped="1" hostname="BLR1-LMAC-N60798.local" name="EndToEndTest" tests="1" failures="0" timestamp="2020-10-19T14:19:25 IST" time="0.000" errors="0">
  <testcase name="test" time="0.000" classname="EndToEndTest">
    <skipped/>
  </testcase> <!-- test -->
  <system-out/>
</testsuite> <!-- EndToEndTest -->
