<?xml version="1.0" encoding="UTF-8"?>
<!-- Generated by org.testng.reporters.JUnitReportReporter -->
<testsuite skipped="0" hostname="BLR1-LMAC-N60798.local" name="com.flipkart.qa.tests.EndToEndTest" tests="1" failures="0" timestamp="2020-10-19T20:32:46 IST" time="90.965" errors="0">
  <testcase name="testEndToEndScenario" time="90.965" classname="com.flipkart.qa.tests.EndToEndTest"/>
  <system-out/>
</testsuite> <!-- com.flipkart.qa.tests.EndToEndTest -->
